2023/11/09 12:43:23 [notice] 1#1: using the "epoll" event method
2023/11/09 12:43:23 [notice] 1#1: nginx/1.25.3
2023/11/09 12:43:23 [notice] 1#1: built by gcc 12.2.1 20220924 (Alpine 12.2.1_git20220924-r10) 
2023/11/09 12:43:23 [notice] 1#1: OS: Linux 6.4.16-linuxkit
2023/11/09 12:43:23 [notice] 1#1: getrlimit(RLIMIT_NOFILE): 1048576:1048576
2023/11/09 12:43:23 [notice] 1#1: start worker processes
2023/11/09 12:43:23 [notice] 1#1: start worker process 21
2023/11/09 12:43:23 [notice] 1#1: start worker process 22
2023/11/09 12:43:23 [notice] 1#1: start worker process 23
2023/11/09 12:43:23 [notice] 1#1: start worker process 24
2023/11/09 12:43:23 [notice] 1#1: start worker process 25
2023/11/09 12:43:23 [notice] 1#1: start worker process 26
2023/11/09 12:43:23 [notice] 1#1: start worker process 27
2023/11/09 12:43:23 [notice] 1#1: start worker process 28
2023/11/09 12:44:40 [error] 21#21: *1 connect() failed (113: Host is unreachable) while connecting to upstream, client: 172.26.0.1, server: , request: "GET / HTTP/1.1", upstream: "fastcgi://172.26.0.4:9000", host: "localhost"
2023/11/09 12:48:02 [notice] 1#1: signal 3 (SIGQUIT) received, shutting down
2023/11/09 12:48:02 [notice] 23#23: gracefully shutting down
2023/11/09 12:48:02 [notice] 23#23: exiting
2023/11/09 12:48:02 [notice] 22#22: gracefully shutting down
2023/11/09 12:48:02 [notice] 22#22: exiting
2023/11/09 12:48:02 [notice] 21#21: gracefully shutting down
2023/11/09 12:48:02 [notice] 21#21: exiting
2023/11/09 12:48:02 [notice] 24#24: gracefully shutting down
2023/11/09 12:48:02 [notice] 24#24: exiting
2023/11/09 12:48:02 [notice] 25#25: gracefully shutting down
2023/11/09 12:48:02 [notice] 25#25: exiting
2023/11/09 12:48:02 [notice] 26#26: gracefully shutting down
2023/11/09 12:48:02 [notice] 26#26: exiting
2023/11/09 12:48:02 [notice] 27#27: gracefully shutting down
2023/11/09 12:48:02 [notice] 27#27: exiting
2023/11/09 12:48:02 [notice] 28#28: gracefully shutting down
2023/11/09 12:48:02 [notice] 23#23: exit
2023/11/09 12:48:02 [notice] 28#28: exiting
2023/11/09 12:48:02 [notice] 28#28: exit
2023/11/09 12:48:02 [notice] 22#22: exit
2023/11/09 12:48:02 [notice] 21#21: exit
2023/11/09 12:48:02 [notice] 24#24: exit
2023/11/09 12:48:02 [notice] 25#25: exit
2023/11/09 12:48:02 [notice] 26#26: exit
2023/11/09 12:48:02 [notice] 27#27: exit
2023/11/09 12:48:03 [notice] 1#1: signal 17 (SIGCHLD) received from 23
2023/11/09 12:48:03 [notice] 1#1: worker process 23 exited with code 0
2023/11/09 12:48:03 [notice] 1#1: signal 29 (SIGIO) received
2023/11/09 12:48:03 [notice] 1#1: signal 17 (SIGCHLD) received from 28
2023/11/09 12:48:03 [notice] 1#1: worker process 21 exited with code 0
2023/11/09 12:48:03 [notice] 1#1: worker process 28 exited with code 0
2023/11/09 12:48:03 [notice] 1#1: signal 29 (SIGIO) received
2023/11/09 12:48:03 [notice] 1#1: signal 17 (SIGCHLD) received from 21
2023/11/09 12:48:03 [notice] 1#1: signal 17 (SIGCHLD) received from 25
2023/11/09 12:48:03 [notice] 1#1: worker process 24 exited with code 0
2023/11/09 12:48:03 [notice] 1#1: worker process 25 exited with code 0
2023/11/09 12:48:03 [notice] 1#1: signal 29 (SIGIO) received
2023/11/09 12:48:03 [notice] 1#1: signal 17 (SIGCHLD) received from 27
2023/11/09 12:48:03 [notice] 1#1: worker process 27 exited with code 0
2023/11/09 12:48:03 [notice] 1#1: signal 29 (SIGIO) received
2023/11/09 12:48:03 [notice] 1#1: signal 17 (SIGCHLD) received from 22
2023/11/09 12:48:03 [notice] 1#1: worker process 22 exited with code 0
2023/11/09 12:48:03 [notice] 1#1: signal 29 (SIGIO) received
2023/11/09 12:48:03 [notice] 1#1: signal 17 (SIGCHLD) received from 26
2023/11/09 12:48:03 [notice] 1#1: worker process 26 exited with code 0
2023/11/09 12:48:03 [notice] 1#1: exit
2023/11/09 12:48:15 [notice] 1#1: using the "epoll" event method
2023/11/09 12:48:15 [notice] 1#1: nginx/1.25.3
2023/11/09 12:48:15 [notice] 1#1: built by gcc 12.2.1 20220924 (Alpine 12.2.1_git20220924-r10) 
2023/11/09 12:48:15 [notice] 1#1: OS: Linux 6.4.16-linuxkit
2023/11/09 12:48:15 [notice] 1#1: getrlimit(RLIMIT_NOFILE): 1048576:1048576
2023/11/09 12:48:15 [notice] 1#1: start worker processes
2023/11/09 12:48:15 [notice] 1#1: start worker process 20
2023/11/09 12:48:15 [notice] 1#1: start worker process 21
2023/11/09 12:48:15 [notice] 1#1: start worker process 22
2023/11/09 12:48:15 [notice] 1#1: start worker process 23
2023/11/09 12:48:15 [notice] 1#1: start worker process 24
2023/11/09 12:48:15 [notice] 1#1: start worker process 25
2023/11/09 12:48:15 [notice] 1#1: start worker process 26
2023/11/09 12:48:15 [notice] 1#1: start worker process 27
2023/11/09 12:48:43 [error] 20#20: *1 connect() failed (113: Host is unreachable) while connecting to upstream, client: 172.28.0.1, server: , request: "GET / HTTP/1.1", upstream: "fastcgi://172.28.0.3:9000", host: "localhost"
2023/11/09 12:48:46 [error] 20#20: *1 connect() failed (113: Host is unreachable) while connecting to upstream, client: 172.28.0.1, server: , request: "GET / HTTP/1.1", upstream: "fastcgi://172.28.0.3:9000", host: "localhost"
2023/11/09 12:50:09 [notice] 1#1: signal 3 (SIGQUIT) received, shutting down
2023/11/09 12:50:09 [notice] 22#22: gracefully shutting down
2023/11/09 12:50:09 [notice] 22#22: exiting
2023/11/09 12:50:09 [notice] 20#20: gracefully shutting down
2023/11/09 12:50:09 [notice] 20#20: exiting
2023/11/09 12:50:09 [notice] 24#24: gracefully shutting down
2023/11/09 12:50:09 [notice] 25#25: gracefully shutting down
2023/11/09 12:50:09 [notice] 25#25: exiting
2023/11/09 12:50:09 [notice] 23#23: gracefully shutting down
2023/11/09 12:50:09 [notice] 23#23: exiting
2023/11/09 12:50:09 [notice] 23#23: exit
2023/11/09 12:50:09 [notice] 27#27: gracefully shutting down
2023/11/09 12:50:09 [notice] 27#27: exiting
2023/11/09 12:50:09 [notice] 26#26: gracefully shutting down
2023/11/09 12:50:09 [notice] 22#22: exit
2023/11/09 12:50:09 [notice] 21#21: gracefully shutting down
2023/11/09 12:50:09 [notice] 20#20: exit
2023/11/09 12:50:09 [notice] 24#24: exiting
2023/11/09 12:50:09 [notice] 25#25: exit
2023/11/09 12:50:09 [notice] 24#24: exit
2023/11/09 12:50:09 [notice] 26#26: exiting
2023/11/09 12:50:09 [notice] 27#27: exit
2023/11/09 12:50:09 [notice] 26#26: exit
2023/11/09 12:50:09 [notice] 21#21: exiting
2023/11/09 12:50:09 [notice] 21#21: exit
2023/11/09 12:50:09 [notice] 1#1: signal 17 (SIGCHLD) received from 23
2023/11/09 12:50:09 [notice] 1#1: worker process 23 exited with code 0
2023/11/09 12:50:09 [notice] 1#1: signal 29 (SIGIO) received
2023/11/09 12:50:09 [notice] 1#1: signal 17 (SIGCHLD) received from 25
2023/11/09 12:50:09 [notice] 1#1: worker process 25 exited with code 0
2023/11/09 12:50:09 [notice] 1#1: signal 29 (SIGIO) received
2023/11/09 12:50:09 [notice] 1#1: signal 17 (SIGCHLD) received from 27
2023/11/09 12:50:09 [notice] 1#1: worker process 20 exited with code 0
2023/11/09 12:50:09 [notice] 1#1: worker process 21 exited with code 0
2023/11/09 12:50:09 [notice] 1#1: worker process 22 exited with code 0
2023/11/09 12:50:09 [notice] 1#1: worker process 27 exited with code 0
2023/11/09 12:50:09 [notice] 1#1: signal 29 (SIGIO) received
2023/11/09 12:50:09 [notice] 1#1: signal 17 (SIGCHLD) received from 24
2023/11/09 12:50:09 [notice] 1#1: worker process 24 exited with code 0
2023/11/09 12:50:09 [notice] 1#1: worker process 26 exited with code 0
2023/11/09 12:50:09 [notice] 1#1: exit
2023/11/09 12:50:24 [notice] 1#1: using the "epoll" event method
2023/11/09 12:50:24 [notice] 1#1: nginx/1.25.3
2023/11/09 12:50:24 [notice] 1#1: built by gcc 12.2.1 20220924 (Alpine 12.2.1_git20220924-r10) 
2023/11/09 12:50:24 [notice] 1#1: OS: Linux 6.4.16-linuxkit
2023/11/09 12:50:24 [notice] 1#1: getrlimit(RLIMIT_NOFILE): 1048576:1048576
2023/11/09 12:50:24 [notice] 1#1: start worker processes
2023/11/09 12:50:24 [notice] 1#1: start worker process 20
2023/11/09 12:50:24 [notice] 1#1: start worker process 21
2023/11/09 12:50:24 [notice] 1#1: start worker process 22
2023/11/09 12:50:24 [notice] 1#1: start worker process 23
2023/11/09 12:50:24 [notice] 1#1: start worker process 24
2023/11/09 12:50:24 [notice] 1#1: start worker process 25
2023/11/09 12:50:24 [notice] 1#1: start worker process 26
2023/11/09 12:50:24 [notice] 1#1: start worker process 27
2023/11/09 13:08:42 [error] 20#20: *1 connect() failed (113: Host is unreachable) while connecting to upstream, client: 172.31.0.1, server: , request: "GET / HTTP/1.1", upstream: "fastcgi://172.31.0.3:9000", host: "localhost"
2023/11/09 13:56:44 [notice] 1#1: signal 3 (SIGQUIT) received, shutting down
2023/11/09 13:56:44 [notice] 20#20: gracefully shutting down
2023/11/09 13:56:44 [notice] 21#21: gracefully shutting down
2023/11/09 13:56:44 [notice] 22#22: gracefully shutting down
2023/11/09 13:56:44 [notice] 26#26: gracefully shutting down
2023/11/09 13:56:44 [notice] 23#23: gracefully shutting down
2023/11/09 13:56:44 [notice] 27#27: gracefully shutting down
2023/11/09 13:56:44 [notice] 24#24: gracefully shutting down
2023/11/09 13:56:44 [notice] 25#25: gracefully shutting down
2023/11/09 13:56:44 [notice] 25#25: exiting
2023/11/09 13:56:44 [notice] 20#20: exiting
2023/11/09 13:56:44 [notice] 21#21: exiting
2023/11/09 13:56:44 [notice] 22#22: exiting
2023/11/09 13:56:44 [notice] 26#26: exiting
2023/11/09 13:56:44 [notice] 23#23: exiting
2023/11/09 13:56:44 [notice] 22#22: exit
2023/11/09 13:56:44 [notice] 27#27: exiting
2023/11/09 13:56:44 [notice] 24#24: exiting
2023/11/09 13:56:44 [notice] 27#27: exit
2023/11/09 13:56:44 [notice] 20#20: exit
2023/11/09 13:56:44 [notice] 25#25: exit
2023/11/09 13:56:44 [notice] 21#21: exit
2023/11/09 13:56:44 [notice] 23#23: exit
2023/11/09 13:56:44 [notice] 26#26: exit
2023/11/09 13:56:44 [notice] 24#24: exit
2023/11/09 13:56:44 [notice] 1#1: signal 17 (SIGCHLD) received from 22
2023/11/09 13:56:44 [notice] 1#1: worker process 22 exited with code 0
2023/11/09 13:56:44 [notice] 1#1: signal 29 (SIGIO) received
2023/11/09 13:56:44 [notice] 1#1: signal 17 (SIGCHLD) received from 20
2023/11/09 13:56:44 [notice] 1#1: worker process 20 exited with code 0
2023/11/09 13:56:44 [notice] 1#1: worker process 25 exited with code 0
2023/11/09 13:56:44 [notice] 1#1: signal 29 (SIGIO) received
2023/11/09 13:56:44 [notice] 1#1: signal 17 (SIGCHLD) received from 27
2023/11/09 13:56:44 [notice] 1#1: worker process 26 exited with code 0
2023/11/09 13:56:44 [notice] 1#1: worker process 27 exited with code 0
2023/11/09 13:56:44 [notice] 1#1: signal 29 (SIGIO) received
2023/11/09 13:56:44 [notice] 1#1: signal 17 (SIGCHLD) received from 26
2023/11/09 13:56:44 [notice] 1#1: signal 17 (SIGCHLD) received from 23
2023/11/09 13:56:44 [notice] 1#1: worker process 23 exited with code 0
2023/11/09 13:56:44 [notice] 1#1: worker process 24 exited with code 0
2023/11/09 13:56:44 [notice] 1#1: signal 29 (SIGIO) received
2023/11/09 13:56:44 [notice] 1#1: signal 17 (SIGCHLD) received from 24
2023/11/09 13:56:44 [notice] 1#1: signal 17 (SIGCHLD) received from 21
2023/11/09 13:56:44 [notice] 1#1: worker process 21 exited with code 0
2023/11/09 13:56:44 [notice] 1#1: exit
2023/11/09 13:58:36 [emerg] 1#1: host not found in upstream "app" in /etc/nginx/conf.d/app.conf:10
2023/11/09 13:58:39 [emerg] 1#1: host not found in upstream "app" in /etc/nginx/conf.d/app.conf:10
2023/11/09 13:58:42 [notice] 1#1: using the "epoll" event method
2023/11/09 13:58:42 [notice] 1#1: nginx/1.25.3
2023/11/09 13:58:42 [notice] 1#1: built by gcc 12.2.1 20220924 (Alpine 12.2.1_git20220924-r10) 
2023/11/09 13:58:42 [notice] 1#1: OS: Linux 6.4.16-linuxkit
2023/11/09 13:58:42 [notice] 1#1: getrlimit(RLIMIT_NOFILE): 1048576:1048576
2023/11/09 13:58:42 [notice] 1#1: start worker processes
2023/11/09 13:58:42 [notice] 1#1: start worker process 20
2023/11/09 13:58:42 [notice] 1#1: start worker process 21
2023/11/09 13:58:42 [notice] 1#1: start worker process 22
2023/11/09 13:58:42 [notice] 1#1: start worker process 23
2023/11/09 13:58:42 [notice] 1#1: start worker process 24
2023/11/09 13:58:42 [notice] 1#1: start worker process 25
2023/11/09 13:58:42 [notice] 1#1: start worker process 26
2023/11/09 13:58:42 [notice] 1#1: start worker process 27
2023/11/09 14:44:31 [notice] 1#1: signal 3 (SIGQUIT) received, shutting down
2023/11/09 14:44:31 [notice] 21#21: gracefully shutting down
2023/11/09 14:44:31 [notice] 22#22: gracefully shutting down
2023/11/09 14:44:31 [notice] 27#27: gracefully shutting down
2023/11/09 14:44:31 [notice] 25#25: gracefully shutting down
2023/11/09 14:44:31 [notice] 26#26: gracefully shutting down
2023/11/09 14:44:31 [notice] 25#25: exiting
2023/11/09 14:44:31 [notice] 26#26: exiting
2023/11/09 14:44:31 [notice] 24#24: gracefully shutting down
2023/11/09 14:44:31 [notice] 20#20: gracefully shutting down
2023/11/09 14:44:31 [notice] 20#20: exiting
2023/11/09 14:44:31 [notice] 23#23: gracefully shutting down
2023/11/09 14:44:31 [notice] 21#21: exiting
2023/11/09 14:44:31 [notice] 23#23: exiting
2023/11/09 14:44:31 [notice] 22#22: exiting
2023/11/09 14:44:31 [notice] 23#23: exit
2023/11/09 14:44:31 [notice] 22#22: exit
2023/11/09 14:44:31 [notice] 21#21: exit
2023/11/09 14:44:31 [notice] 27#27: exiting
2023/11/09 14:44:31 [notice] 24#24: exiting
2023/11/09 14:44:31 [notice] 25#25: exit
2023/11/09 14:44:31 [notice] 26#26: exit
2023/11/09 14:44:31 [notice] 20#20: exit
2023/11/09 14:44:31 [notice] 27#27: exit
2023/11/09 14:44:31 [notice] 24#24: exit
2023/11/09 14:44:31 [notice] 1#1: signal 17 (SIGCHLD) received from 23
2023/11/09 14:44:31 [notice] 1#1: worker process 20 exited with code 0
2023/11/09 14:44:31 [notice] 1#1: worker process 23 exited with code 0
2023/11/09 14:44:31 [notice] 1#1: worker process 25 exited with code 0
2023/11/09 14:44:31 [notice] 1#1: signal 29 (SIGIO) received
2023/11/09 14:44:31 [notice] 1#1: signal 17 (SIGCHLD) received from 25
2023/11/09 14:44:31 [notice] 1#1: signal 17 (SIGCHLD) received from 22
2023/11/09 14:44:31 [notice] 1#1: worker process 22 exited with code 0
2023/11/09 14:44:31 [notice] 1#1: signal 29 (SIGIO) received
2023/11/09 14:44:31 [notice] 1#1: signal 17 (SIGCHLD) received from 27
2023/11/09 14:44:31 [notice] 1#1: worker process 27 exited with code 0
2023/11/09 14:44:31 [notice] 1#1: signal 29 (SIGIO) received
2023/11/09 14:44:31 [notice] 1#1: signal 17 (SIGCHLD) received from 24
2023/11/09 14:44:31 [notice] 1#1: worker process 21 exited with code 0
2023/11/09 14:44:31 [notice] 1#1: worker process 24 exited with code 0
2023/11/09 14:44:31 [notice] 1#1: signal 29 (SIGIO) received
2023/11/09 14:44:31 [notice] 1#1: signal 17 (SIGCHLD) received from 26
2023/11/09 14:44:31 [notice] 1#1: worker process 26 exited with code 0
2023/11/09 14:44:31 [notice] 1#1: exit
2023/11/09 15:18:56 [emerg] 1#1: host not found in upstream "app" in /etc/nginx/conf.d/app.conf:10
2023/11/09 15:18:59 [notice] 1#1: using the "epoll" event method
2023/11/09 15:18:59 [notice] 1#1: nginx/1.25.3
2023/11/09 15:18:59 [notice] 1#1: built by gcc 12.2.1 20220924 (Alpine 12.2.1_git20220924-r10) 
2023/11/09 15:18:59 [notice] 1#1: OS: Linux 6.4.16-linuxkit
2023/11/09 15:18:59 [notice] 1#1: getrlimit(RLIMIT_NOFILE): 1048576:1048576
2023/11/09 15:18:59 [notice] 1#1: start worker processes
2023/11/09 15:18:59 [notice] 1#1: start worker process 20
2023/11/09 15:18:59 [notice] 1#1: start worker process 21
2023/11/09 15:18:59 [notice] 1#1: start worker process 22
2023/11/09 15:18:59 [notice] 1#1: start worker process 23
2023/11/09 15:18:59 [notice] 1#1: start worker process 24
2023/11/09 15:18:59 [notice] 1#1: start worker process 25
2023/11/09 15:18:59 [notice] 1#1: start worker process 26
2023/11/09 15:18:59 [notice] 1#1: start worker process 27
2023/11/09 15:19:22 [error] 22#22: *1 connect() failed (113: Host is unreachable) while connecting to upstream, client: 172.20.0.1, server: , request: "GET / HTTP/1.1", upstream: "fastcgi://172.20.0.4:9000", host: "localhost"
2023/11/09 15:22:31 [notice] 1#1: signal 3 (SIGQUIT) received, shutting down
2023/11/09 15:22:31 [notice] 26#26: gracefully shutting down
2023/11/09 15:22:31 [notice] 20#20: gracefully shutting down
2023/11/09 15:22:31 [notice] 26#26: exiting
2023/11/09 15:22:31 [notice] 20#20: exiting
2023/11/09 15:22:31 [notice] 21#21: gracefully shutting down
2023/11/09 15:22:31 [notice] 21#21: exiting
2023/11/09 15:22:31 [notice] 22#22: gracefully shutting down
2023/11/09 15:22:31 [notice] 23#23: gracefully shutting down
2023/11/09 15:22:31 [notice] 23#23: exiting
2023/11/09 15:22:31 [notice] 24#24: gracefully shutting down
2023/11/09 15:22:31 [notice] 20#20: exit
2023/11/09 15:22:31 [notice] 25#25: gracefully shutting down
2023/11/09 15:22:31 [notice] 25#25: exiting
2023/11/09 15:22:31 [notice] 27#27: gracefully shutting down
2023/11/09 15:22:31 [notice] 26#26: exit
2023/11/09 15:22:31 [notice] 22#22: exiting
2023/11/09 15:22:31 [notice] 21#21: exit
2023/11/09 15:22:31 [notice] 22#22: exit
2023/11/09 15:22:31 [notice] 23#23: exit
2023/11/09 15:22:31 [notice] 24#24: exiting
2023/11/09 15:22:31 [notice] 27#27: exiting
2023/11/09 15:22:31 [notice] 25#25: exit
2023/11/09 15:22:31 [notice] 24#24: exit
2023/11/09 15:22:31 [notice] 27#27: exit
2023/11/09 15:22:31 [notice] 1#1: signal 17 (SIGCHLD) received from 20
2023/11/09 15:22:31 [notice] 1#1: worker process 20 exited with code 0
2023/11/09 15:22:31 [notice] 1#1: worker process 22 exited with code 0
2023/11/09 15:22:31 [notice] 1#1: worker process 26 exited with code 0
2023/11/09 15:22:31 [notice] 1#1: signal 29 (SIGIO) received
2023/11/09 15:22:31 [notice] 1#1: signal 17 (SIGCHLD) received from 21
2023/11/09 15:22:31 [notice] 1#1: worker process 21 exited with code 0
2023/11/09 15:22:31 [notice] 1#1: signal 29 (SIGIO) received
2023/11/09 15:22:31 [notice] 1#1: signal 17 (SIGCHLD) received from 25
2023/11/09 15:22:31 [notice] 1#1: worker process 25 exited with code 0
2023/11/09 15:22:31 [notice] 1#1: worker process 23 exited with code 0
2023/11/09 15:22:31 [notice] 1#1: worker process 27 exited with code 0
2023/11/09 15:22:31 [notice] 1#1: signal 29 (SIGIO) received
2023/11/09 15:22:31 [notice] 1#1: signal 17 (SIGCHLD) received from 23
2023/11/09 15:22:31 [notice] 1#1: signal 17 (SIGCHLD) received from 24
2023/11/09 15:22:31 [notice] 1#1: worker process 24 exited with code 0
2023/11/09 15:22:31 [notice] 1#1: exit
2023/11/09 15:22:46 [emerg] 1#1: host not found in upstream "app" in /etc/nginx/conf.d/app.conf:10
2023/11/09 15:22:50 [notice] 1#1: using the "epoll" event method
2023/11/09 15:22:50 [notice] 1#1: nginx/1.25.3
2023/11/09 15:22:50 [notice] 1#1: built by gcc 12.2.1 20220924 (Alpine 12.2.1_git20220924-r10) 
2023/11/09 15:22:50 [notice] 1#1: OS: Linux 6.4.16-linuxkit
2023/11/09 15:22:50 [notice] 1#1: getrlimit(RLIMIT_NOFILE): 1048576:1048576
2023/11/09 15:22:50 [notice] 1#1: start worker processes
2023/11/09 15:22:50 [notice] 1#1: start worker process 20
2023/11/09 15:22:50 [notice] 1#1: start worker process 21
2023/11/09 15:22:50 [notice] 1#1: start worker process 22
2023/11/09 15:22:50 [notice] 1#1: start worker process 23
2023/11/09 15:22:50 [notice] 1#1: start worker process 24
2023/11/09 15:22:50 [notice] 1#1: start worker process 25
2023/11/09 15:22:50 [notice] 1#1: start worker process 26
2023/11/09 15:22:50 [notice] 1#1: start worker process 27
2023/11/09 15:22:55 [error] 20#20: *1 connect() failed (111: Connection refused) while connecting to upstream, client: 172.22.0.1, server: , request: "GET / HTTP/1.1", upstream: "fastcgi://172.22.0.4:9000", host: "localhost"
2023/11/09 15:23:00 [error] 20#20: *1 connect() failed (111: Connection refused) while connecting to upstream, client: 172.22.0.1, server: , request: "GET / HTTP/1.1", upstream: "fastcgi://172.22.0.4:9000", host: "localhost"
2023/11/09 15:24:01 [notice] 1#1: signal 3 (SIGQUIT) received, shutting down
2023/11/09 15:24:01 [notice] 24#24: gracefully shutting down
2023/11/09 15:24:01 [notice] 24#24: exiting
2023/11/09 15:24:01 [notice] 23#23: gracefully shutting down
2023/11/09 15:24:01 [notice] 23#23: exiting
2023/11/09 15:24:01 [notice] 27#27: gracefully shutting down
2023/11/09 15:24:01 [notice] 24#24: exit
2023/11/09 15:24:01 [notice] 25#25: gracefully shutting down
2023/11/09 15:24:01 [notice] 23#23: exit
2023/11/09 15:24:01 [notice] 20#20: gracefully shutting down
2023/11/09 15:24:01 [notice] 21#21: gracefully shutting down
2023/11/09 15:24:01 [notice] 21#21: exiting
2023/11/09 15:24:01 [notice] 27#27: exiting
2023/11/09 15:24:01 [notice] 22#22: gracefully shutting down
2023/11/09 15:24:01 [notice] 26#26: gracefully shutting down
2023/11/09 15:24:01 [notice] 26#26: exiting
2023/11/09 15:24:01 [notice] 25#25: exiting
2023/11/09 15:24:01 [notice] 20#20: exiting
2023/11/09 15:24:01 [notice] 21#21: exit
2023/11/09 15:24:01 [notice] 27#27: exit
2023/11/09 15:24:01 [notice] 22#22: exiting
2023/11/09 15:24:01 [notice] 26#26: exit
2023/11/09 15:24:01 [notice] 20#20: exit
2023/11/09 15:24:01 [notice] 25#25: exit
2023/11/09 15:24:01 [notice] 22#22: exit
2023/11/09 15:24:01 [notice] 1#1: signal 17 (SIGCHLD) received from 24
2023/11/09 15:24:01 [notice] 1#1: worker process 24 exited with code 0
2023/11/09 15:24:01 [notice] 1#1: signal 29 (SIGIO) received
2023/11/09 15:24:01 [notice] 1#1: signal 17 (SIGCHLD) received from 23
2023/11/09 15:24:01 [notice] 1#1: worker process 23 exited with code 0
2023/11/09 15:24:01 [notice] 1#1: signal 29 (SIGIO) received
2023/11/09 15:24:01 [notice] 1#1: signal 17 (SIGCHLD) received from 22
2023/11/09 15:24:01 [notice] 1#1: worker process 22 exited with code 0
2023/11/09 15:24:01 [notice] 1#1: worker process 26 exited with code 0
2023/11/09 15:24:01 [notice] 1#1: signal 29 (SIGIO) received
2023/11/09 15:24:01 [notice] 1#1: signal 17 (SIGCHLD) received from 27
2023/11/09 15:24:01 [notice] 1#1: worker process 27 exited with code 0
2023/11/09 15:24:01 [notice] 1#1: worker process 21 exited with code 0
2023/11/09 15:24:01 [notice] 1#1: worker process 25 exited with code 0
2023/11/09 15:24:01 [notice] 1#1: signal 29 (SIGIO) received
2023/11/09 15:24:01 [notice] 1#1: signal 17 (SIGCHLD) received from 21
2023/11/09 15:24:01 [notice] 1#1: signal 17 (SIGCHLD) received from 20
2023/11/09 15:24:01 [notice] 1#1: worker process 20 exited with code 0
2023/11/09 15:24:01 [notice] 1#1: exit
2023/11/09 15:24:14 [emerg] 1#1: host not found in upstream "app" in /etc/nginx/conf.d/app.conf:10
2023/11/09 15:24:17 [emerg] 1#1: host not found in upstream "app" in /etc/nginx/conf.d/app.conf:10
2023/11/09 15:24:22 [emerg] 1#1: host not found in upstream "app" in /etc/nginx/conf.d/app.conf:10
2023/11/09 15:24:25 [emerg] 1#1: host not found in upstream "app" in /etc/nginx/conf.d/app.conf:10
2023/11/09 15:24:28 [emerg] 1#1: host not found in upstream "app" in /etc/nginx/conf.d/app.conf:10
2023/11/09 15:24:31 [emerg] 1#1: host not found in upstream "app" in /etc/nginx/conf.d/app.conf:10
2023/11/09 15:24:37 [notice] 1#1: using the "epoll" event method
2023/11/09 15:24:37 [notice] 1#1: nginx/1.25.3
2023/11/09 15:24:37 [notice] 1#1: built by gcc 12.2.1 20220924 (Alpine 12.2.1_git20220924-r10) 
2023/11/09 15:24:37 [notice] 1#1: OS: Linux 6.4.16-linuxkit
2023/11/09 15:24:37 [notice] 1#1: getrlimit(RLIMIT_NOFILE): 1048576:1048576
2023/11/09 15:24:37 [notice] 1#1: start worker processes
2023/11/09 15:24:37 [notice] 1#1: start worker process 20
2023/11/09 15:24:37 [notice] 1#1: start worker process 21
2023/11/09 15:24:37 [notice] 1#1: start worker process 22
2023/11/09 15:24:37 [notice] 1#1: start worker process 23
2023/11/09 15:24:37 [notice] 1#1: start worker process 24
2023/11/09 15:24:37 [notice] 1#1: start worker process 25
2023/11/09 15:24:37 [notice] 1#1: start worker process 26
2023/11/09 15:24:37 [notice] 1#1: start worker process 27
2023/11/09 15:25:02 [error] 20#20: *1 connect() failed (113: Host is unreachable) while connecting to upstream, client: 172.24.0.1, server: , request: "GET / HTTP/1.1", upstream: "fastcgi://172.24.0.4:9000", host: "localhost"
2023/11/09 15:26:11 [notice] 1#1: signal 3 (SIGQUIT) received, shutting down
2023/11/09 15:26:11 [notice] 24#24: gracefully shutting down
2023/11/09 15:26:11 [notice] 24#24: exiting
2023/11/09 15:26:11 [notice] 25#25: gracefully shutting down
2023/11/09 15:26:11 [notice] 25#25: exiting
2023/11/09 15:26:11 [notice] 20#20: gracefully shutting down
2023/11/09 15:26:11 [notice] 20#20: exiting
2023/11/09 15:26:11 [notice] 24#24: exit
2023/11/09 15:26:11 [notice] 20#20: exit
2023/11/09 15:26:11 [notice] 26#26: gracefully shutting down
2023/11/09 15:26:11 [notice] 25#25: exit
2023/11/09 15:26:11 [notice] 21#21: gracefully shutting down
2023/11/09 15:26:11 [notice] 21#21: exiting
2023/11/09 15:26:11 [notice] 22#22: gracefully shutting down
2023/11/09 15:26:11 [notice] 22#22: exiting
2023/11/09 15:26:11 [notice] 22#22: exit
2023/11/09 15:26:11 [notice] 23#23: gracefully shutting down
2023/11/09 15:26:11 [notice] 23#23: exiting
2023/11/09 15:26:11 [notice] 27#27: gracefully shutting down
2023/11/09 15:26:11 [notice] 26#26: exiting
2023/11/09 15:26:11 [notice] 21#21: exit
2023/11/09 15:26:11 [notice] 23#23: exit
2023/11/09 15:26:11 [notice] 27#27: exiting
2023/11/09 15:26:11 [notice] 26#26: exit
2023/11/09 15:26:11 [notice] 27#27: exit
2023/11/09 15:26:11 [notice] 1#1: signal 17 (SIGCHLD) received from 20
2023/11/09 15:26:11 [notice] 1#1: worker process 20 exited with code 0
2023/11/09 15:26:11 [notice] 1#1: worker process 24 exited with code 0
2023/11/09 15:26:11 [notice] 1#1: signal 29 (SIGIO) received
2023/11/09 15:26:11 [notice] 1#1: signal 17 (SIGCHLD) received from 22
2023/11/09 15:26:11 [notice] 1#1: worker process 22 exited with code 0
2023/11/09 15:26:11 [notice] 1#1: worker process 27 exited with code 0
2023/11/09 15:26:11 [notice] 1#1: signal 29 (SIGIO) received
2023/11/09 15:26:11 [notice] 1#1: signal 17 (SIGCHLD) received from 25
2023/11/09 15:26:11 [notice] 1#1: worker process 25 exited with code 0
2023/11/09 15:26:11 [notice] 1#1: signal 29 (SIGIO) received
2023/11/09 15:26:11 [notice] 1#1: signal 17 (SIGCHLD) received from 26
2023/11/09 15:26:11 [notice] 1#1: worker process 26 exited with code 0
2023/11/09 15:26:11 [notice] 1#1: signal 29 (SIGIO) received
2023/11/09 15:26:11 [notice] 1#1: signal 17 (SIGCHLD) received from 23
2023/11/09 15:26:11 [notice] 1#1: worker process 23 exited with code 0
2023/11/09 15:26:11 [notice] 1#1: signal 29 (SIGIO) received
2023/11/09 15:26:11 [notice] 1#1: signal 17 (SIGCHLD) received from 21
2023/11/09 15:26:11 [notice] 1#1: worker process 21 exited with code 0
2023/11/09 15:26:11 [notice] 1#1: exit
2023/11/09 15:26:24 [emerg] 1#1: host not found in upstream "app" in /etc/nginx/conf.d/app.conf:10
2023/11/09 15:26:27 [notice] 1#1: using the "epoll" event method
2023/11/09 15:26:27 [notice] 1#1: nginx/1.25.3
2023/11/09 15:26:27 [notice] 1#1: built by gcc 12.2.1 20220924 (Alpine 12.2.1_git20220924-r10) 
2023/11/09 15:26:27 [notice] 1#1: OS: Linux 6.4.16-linuxkit
2023/11/09 15:26:27 [notice] 1#1: getrlimit(RLIMIT_NOFILE): 1048576:1048576
2023/11/09 15:26:27 [notice] 1#1: start worker processes
2023/11/09 15:26:27 [notice] 1#1: start worker process 20
2023/11/09 15:26:27 [notice] 1#1: start worker process 21
2023/11/09 15:26:27 [notice] 1#1: start worker process 22
2023/11/09 15:26:27 [notice] 1#1: start worker process 23
2023/11/09 15:26:27 [notice] 1#1: start worker process 24
2023/11/09 15:26:27 [notice] 1#1: start worker process 25
2023/11/09 15:26:27 [notice] 1#1: start worker process 26
2023/11/09 15:26:27 [notice] 1#1: start worker process 27
2023/11/09 15:26:35 [error] 20#20: *1 connect() failed (111: Connection refused) while connecting to upstream, client: 172.26.0.1, server: , request: "GET / HTTP/1.1", upstream: "fastcgi://172.26.0.4:9000", host: "localhost"
2023/11/09 15:26:37 [error] 20#20: *1 connect() failed (111: Connection refused) while connecting to upstream, client: 172.26.0.1, server: , request: "GET / HTTP/1.1", upstream: "fastcgi://172.26.0.4:9000", host: "localhost"
2023/11/09 15:26:46 [error] 20#20: *1 connect() failed (111: Connection refused) while connecting to upstream, client: 172.26.0.1, server: , request: "GET / HTTP/1.1", upstream: "fastcgi://172.26.0.4:9000", host: "localhost"
2023/11/09 15:28:23 [notice] 1#1: signal 3 (SIGQUIT) received, shutting down
2023/11/09 15:28:23 [notice] 20#20: gracefully shutting down
2023/11/09 15:28:23 [notice] 25#25: gracefully shutting down
2023/11/09 15:28:23 [notice] 21#21: gracefully shutting down
2023/11/09 15:28:23 [notice] 22#22: gracefully shutting down
2023/11/09 15:28:23 [notice] 22#22: exiting
2023/11/09 15:28:23 [notice] 23#23: gracefully shutting down
2023/11/09 15:28:23 [notice] 26#26: gracefully shutting down
2023/11/09 15:28:23 [notice] 27#27: gracefully shutting down
2023/11/09 15:28:23 [notice] 20#20: exiting
2023/11/09 15:28:23 [notice] 24#24: gracefully shutting down
2023/11/09 15:28:23 [notice] 24#24: exiting
2023/11/09 15:28:23 [notice] 25#25: exiting
2023/11/09 15:28:23 [notice] 24#24: exit
2023/11/09 15:28:23 [notice] 21#21: exiting
2023/11/09 15:28:23 [notice] 25#25: exit
2023/11/09 15:28:23 [notice] 23#23: exiting
2023/11/09 15:28:23 [notice] 22#22: exit
2023/11/09 15:28:23 [notice] 23#23: exit
2023/11/09 15:28:23 [notice] 26#26: exiting
2023/11/09 15:28:23 [notice] 27#27: exiting
2023/11/09 15:28:23 [notice] 20#20: exit
2023/11/09 15:28:23 [notice] 21#21: exit
2023/11/09 15:28:23 [notice] 26#26: exit
2023/11/09 15:28:23 [notice] 27#27: exit
2023/11/09 15:28:23 [notice] 1#1: signal 17 (SIGCHLD) received from 24
2023/11/09 15:28:23 [notice] 1#1: worker process 24 exited with code 0
2023/11/09 15:28:23 [notice] 1#1: signal 29 (SIGIO) received
2023/11/09 15:28:23 [notice] 1#1: signal 17 (SIGCHLD) received from 22
2023/11/09 15:28:23 [notice] 1#1: worker process 22 exited with code 0
2023/11/09 15:28:23 [notice] 1#1: signal 29 (SIGIO) received
2023/11/09 15:28:23 [notice] 1#1: signal 17 (SIGCHLD) received from 23
2023/11/09 15:28:23 [notice] 1#1: worker process 20 exited with code 0
2023/11/09 15:28:23 [notice] 1#1: worker process 23 exited with code 0
2023/11/09 15:28:23 [notice] 1#1: signal 29 (SIGIO) received
2023/11/09 15:28:23 [notice] 1#1: signal 17 (SIGCHLD) received from 25
2023/11/09 15:28:23 [notice] 1#1: worker process 25 exited with code 0
2023/11/09 15:28:23 [notice] 1#1: signal 29 (SIGIO) received
2023/11/09 15:28:23 [notice] 1#1: signal 17 (SIGCHLD) received from 21
2023/11/09 15:28:23 [notice] 1#1: worker process 21 exited with code 0
2023/11/09 15:28:23 [notice] 1#1: worker process 26 exited with code 0
2023/11/09 15:28:23 [notice] 1#1: worker process 27 exited with code 0
2023/11/09 15:28:23 [notice] 1#1: exit
2023/11/09 15:28:36 [emerg] 1#1: host not found in upstream "app" in /etc/nginx/conf.d/app.conf:10
2023/11/09 15:28:39 [emerg] 1#1: host not found in upstream "app" in /etc/nginx/conf.d/app.conf:10
2023/11/09 15:28:42 [emerg] 1#1: host not found in upstream "app" in /etc/nginx/conf.d/app.conf:10
2023/11/09 15:28:45 [emerg] 1#1: host not found in upstream "app" in /etc/nginx/conf.d/app.conf:10
2023/11/09 15:28:48 [emerg] 1#1: host not found in upstream "app" in /etc/nginx/conf.d/app.conf:10
2023/11/09 15:28:52 [emerg] 1#1: host not found in upstream "app" in /etc/nginx/conf.d/app.conf:10
2023/11/09 15:28:57 [notice] 1#1: using the "epoll" event method
2023/11/09 15:28:57 [notice] 1#1: nginx/1.25.3
2023/11/09 15:28:57 [notice] 1#1: built by gcc 12.2.1 20220924 (Alpine 12.2.1_git20220924-r10) 
2023/11/09 15:28:57 [notice] 1#1: OS: Linux 6.4.16-linuxkit
2023/11/09 15:28:57 [notice] 1#1: getrlimit(RLIMIT_NOFILE): 1048576:1048576
2023/11/09 15:28:57 [notice] 1#1: start worker processes
2023/11/09 15:28:57 [notice] 1#1: start worker process 20
2023/11/09 15:28:57 [notice] 1#1: start worker process 21
2023/11/09 15:28:57 [notice] 1#1: start worker process 22
2023/11/09 15:28:57 [notice] 1#1: start worker process 23
2023/11/09 15:28:57 [notice] 1#1: start worker process 24
2023/11/09 15:28:57 [notice] 1#1: start worker process 25
2023/11/09 15:28:57 [notice] 1#1: start worker process 26
2023/11/09 15:28:57 [notice] 1#1: start worker process 27
2023/11/09 15:29:02 [error] 20#20: *1 connect() failed (111: Connection refused) while connecting to upstream, client: 172.28.0.1, server: , request: "GET / HTTP/1.1", upstream: "fastcgi://172.28.0.4:9000", host: "localhost"
2023/11/09 15:34:44 [notice] 1#1: signal 3 (SIGQUIT) received, shutting down
2023/11/09 15:34:44 [notice] 20#20: gracefully shutting down
2023/11/09 15:34:44 [notice] 21#21: gracefully shutting down
2023/11/09 15:34:44 [notice] 22#22: gracefully shutting down
2023/11/09 15:34:44 [notice] 21#21: exiting
2023/11/09 15:34:44 [notice] 24#24: gracefully shutting down
2023/11/09 15:34:44 [notice] 24#24: exiting
2023/11/09 15:34:44 [notice] 26#26: gracefully shutting down
2023/11/09 15:34:44 [notice] 27#27: gracefully shutting down
2023/11/09 15:34:44 [notice] 25#25: gracefully shutting down
2023/11/09 15:34:44 [notice] 23#23: gracefully shutting down
2023/11/09 15:34:44 [notice] 20#20: exiting
2023/11/09 15:34:44 [notice] 20#20: exit
2023/11/09 15:34:44 [notice] 22#22: exiting
2023/11/09 15:34:44 [notice] 21#21: exit
2023/11/09 15:34:44 [notice] 24#24: exit
2023/11/09 15:34:44 [notice] 27#27: exiting
2023/11/09 15:34:44 [notice] 26#26: exiting
2023/11/09 15:34:44 [notice] 25#25: exiting
2023/11/09 15:34:44 [notice] 23#23: exiting
2023/11/09 15:34:44 [notice] 26#26: exit
2023/11/09 15:34:44 [notice] 22#22: exit
2023/11/09 15:34:44 [notice] 27#27: exit
2023/11/09 15:34:44 [notice] 23#23: exit
2023/11/09 15:34:44 [notice] 25#25: exit
2023/11/09 15:34:44 [notice] 1#1: signal 17 (SIGCHLD) received from 20
2023/11/09 15:34:44 [notice] 1#1: worker process 20 exited with code 0
2023/11/09 15:34:44 [notice] 1#1: signal 29 (SIGIO) received
2023/11/09 15:34:44 [notice] 1#1: signal 17 (SIGCHLD) received from 24
2023/11/09 15:34:44 [notice] 1#1: worker process 21 exited with code 0
2023/11/09 15:34:44 [notice] 1#1: worker process 24 exited with code 0
2023/11/09 15:34:44 [notice] 1#1: signal 29 (SIGIO) received
2023/11/09 15:34:44 [notice] 1#1: signal 17 (SIGCHLD) received from 25
2023/11/09 15:34:44 [notice] 1#1: worker process 25 exited with code 0
2023/11/09 15:34:44 [notice] 1#1: signal 29 (SIGIO) received
2023/11/09 15:34:44 [notice] 1#1: signal 17 (SIGCHLD) received from 22
2023/11/09 15:34:44 [notice] 1#1: worker process 22 exited with code 0
2023/11/09 15:34:44 [notice] 1#1: worker process 26 exited with code 0
2023/11/09 15:34:44 [notice] 1#1: signal 29 (SIGIO) received
2023/11/09 15:34:44 [notice] 1#1: signal 17 (SIGCHLD) received from 26
2023/11/09 15:34:44 [notice] 1#1: worker process 27 exited with code 0
2023/11/09 15:34:44 [notice] 1#1: signal 29 (SIGIO) received
2023/11/09 15:34:44 [notice] 1#1: signal 17 (SIGCHLD) received from 23
2023/11/09 15:34:44 [notice] 1#1: worker process 23 exited with code 0
2023/11/09 15:34:44 [notice] 1#1: exit
2023/11/09 15:35:01 [emerg] 1#1: host not found in upstream "app" in /etc/nginx/conf.d/app.conf:10
2023/11/09 15:35:04 [notice] 1#1: using the "epoll" event method
2023/11/09 15:35:04 [notice] 1#1: nginx/1.25.3
2023/11/09 15:35:04 [notice] 1#1: built by gcc 12.2.1 20220924 (Alpine 12.2.1_git20220924-r10) 
2023/11/09 15:35:04 [notice] 1#1: OS: Linux 6.4.16-linuxkit
2023/11/09 15:35:04 [notice] 1#1: getrlimit(RLIMIT_NOFILE): 1048576:1048576
2023/11/09 15:35:04 [notice] 1#1: start worker processes
2023/11/09 15:35:04 [notice] 1#1: start worker process 20
2023/11/09 15:35:04 [notice] 1#1: start worker process 21
2023/11/09 15:35:04 [notice] 1#1: start worker process 22
2023/11/09 15:35:04 [notice] 1#1: start worker process 23
2023/11/09 15:35:04 [notice] 1#1: start worker process 24
2023/11/09 15:35:04 [notice] 1#1: start worker process 25
2023/11/09 15:35:04 [notice] 1#1: start worker process 26
2023/11/09 15:35:04 [notice] 1#1: start worker process 27
2023/11/09 15:38:41 [notice] 1#1: signal 3 (SIGQUIT) received, shutting down
2023/11/09 15:38:41 [notice] 21#21: gracefully shutting down
2023/11/09 15:38:41 [notice] 27#27: gracefully shutting down
2023/11/09 15:38:41 [notice] 24#24: gracefully shutting down
2023/11/09 15:38:41 [notice] 22#22: gracefully shutting down
2023/11/09 15:38:41 [notice] 23#23: gracefully shutting down
2023/11/09 15:38:41 [notice] 23#23: exiting
2023/11/09 15:38:41 [notice] 25#25: gracefully shutting down
2023/11/09 15:38:41 [notice] 21#21: exiting
2023/11/09 15:38:41 [notice] 23#23: exit
2023/11/09 15:38:41 [notice] 26#26: gracefully shutting down
2023/11/09 15:38:41 [notice] 20#20: gracefully shutting down
2023/11/09 15:38:41 [notice] 20#20: exiting
2023/11/09 15:38:41 [notice] 27#27: exiting
2023/11/09 15:38:41 [notice] 24#24: exiting
2023/11/09 15:38:41 [notice] 27#27: exit
2023/11/09 15:38:41 [notice] 21#21: exit
2023/11/09 15:38:41 [notice] 24#24: exit
2023/11/09 15:38:41 [notice] 22#22: exiting
2023/11/09 15:38:41 [notice] 25#25: exiting
2023/11/09 15:38:41 [notice] 22#22: exit
2023/11/09 15:38:41 [notice] 26#26: exiting
2023/11/09 15:38:41 [notice] 20#20: exit
2023/11/09 15:38:41 [notice] 25#25: exit
2023/11/09 15:38:41 [notice] 26#26: exit
2023/11/09 15:38:41 [notice] 1#1: signal 17 (SIGCHLD) received from 24
2023/11/09 15:38:41 [notice] 1#1: worker process 24 exited with code 0
2023/11/09 15:38:41 [notice] 1#1: signal 29 (SIGIO) received
2023/11/09 15:38:41 [notice] 1#1: signal 17 (SIGCHLD) received from 23
2023/11/09 15:38:41 [notice] 1#1: worker process 23 exited with code 0
2023/11/09 15:38:41 [notice] 1#1: signal 29 (SIGIO) received
2023/11/09 15:38:41 [notice] 1#1: signal 17 (SIGCHLD) received from 21
2023/11/09 15:38:41 [notice] 1#1: worker process 21 exited with code 0
2023/11/09 15:38:41 [notice] 1#1: signal 29 (SIGIO) received
2023/11/09 15:38:41 [notice] 1#1: signal 17 (SIGCHLD) received from 22
2023/11/09 15:38:41 [notice] 1#1: worker process 22 exited with code 0
2023/11/09 15:38:41 [notice] 1#1: signal 29 (SIGIO) received
2023/11/09 15:38:41 [notice] 1#1: signal 17 (SIGCHLD) received from 27
2023/11/09 15:38:41 [notice] 1#1: worker process 27 exited with code 0
2023/11/09 15:38:41 [notice] 1#1: signal 29 (SIGIO) received
2023/11/09 15:38:41 [notice] 1#1: signal 17 (SIGCHLD) received from 25
2023/11/09 15:38:41 [notice] 1#1: worker process 20 exited with code 0
2023/11/09 15:38:41 [notice] 1#1: worker process 25 exited with code 0
2023/11/09 15:38:41 [notice] 1#1: worker process 26 exited with code 0
2023/11/09 15:38:41 [notice] 1#1: exit
2023/11/09 15:38:55 [emerg] 1#1: host not found in upstream "app" in /etc/nginx/conf.d/app.conf:10
2023/11/09 15:38:58 [notice] 1#1: using the "epoll" event method
2023/11/09 15:38:58 [notice] 1#1: nginx/1.25.3
2023/11/09 15:38:58 [notice] 1#1: built by gcc 12.2.1 20220924 (Alpine 12.2.1_git20220924-r10) 
2023/11/09 15:38:58 [notice] 1#1: OS: Linux 6.4.16-linuxkit
2023/11/09 15:38:58 [notice] 1#1: getrlimit(RLIMIT_NOFILE): 1048576:1048576
2023/11/09 15:38:58 [notice] 1#1: start worker processes
2023/11/09 15:38:58 [notice] 1#1: start worker process 20
2023/11/09 15:38:58 [notice] 1#1: start worker process 21
2023/11/09 15:38:58 [notice] 1#1: start worker process 22
2023/11/09 15:38:58 [notice] 1#1: start worker process 23
2023/11/09 15:38:58 [notice] 1#1: start worker process 24
2023/11/09 15:38:58 [notice] 1#1: start worker process 25
2023/11/09 15:38:58 [notice] 1#1: start worker process 26
2023/11/09 15:38:58 [notice] 1#1: start worker process 27
2023/11/09 15:42:16 [notice] 1#1: signal 3 (SIGQUIT) received, shutting down
2023/11/09 15:42:16 [notice] 20#20: gracefully shutting down
2023/11/09 15:42:16 [notice] 25#25: gracefully shutting down
2023/11/09 15:42:16 [notice] 25#25: exiting
2023/11/09 15:42:16 [notice] 21#21: gracefully shutting down
2023/11/09 15:42:16 [notice] 21#21: exiting
2023/11/09 15:42:16 [notice] 24#24: gracefully shutting down
2023/11/09 15:42:16 [notice] 23#23: gracefully shutting down
2023/11/09 15:42:16 [notice] 23#23: exiting
2023/11/09 15:42:16 [notice] 23#23: exit
2023/11/09 15:42:16 [notice] 26#26: gracefully shutting down
2023/11/09 15:42:16 [notice] 26#26: exiting
2023/11/09 15:42:16 [notice] 26#26: exit
2023/11/09 15:42:16 [notice] 27#27: gracefully shutting down
2023/11/09 15:42:16 [notice] 27#27: exiting
2023/11/09 15:42:16 [notice] 22#22: gracefully shutting down
2023/11/09 15:42:16 [notice] 22#22: exiting
2023/11/09 15:42:16 [notice] 20#20: exiting
2023/11/09 15:42:16 [notice] 25#25: exit
2023/11/09 15:42:16 [notice] 20#20: exit
2023/11/09 15:42:16 [notice] 21#21: exit
2023/11/09 15:42:16 [notice] 24#24: exiting
2023/11/09 15:42:16 [notice] 24#24: exit
2023/11/09 15:42:16 [notice] 22#22: exit
2023/11/09 15:42:16 [notice] 27#27: exit
2023/11/09 15:42:16 [notice] 1#1: signal 17 (SIGCHLD) received from 26
2023/11/09 15:42:16 [notice] 1#1: worker process 20 exited with code 0
2023/11/09 15:42:16 [notice] 1#1: worker process 21 exited with code 0
2023/11/09 15:42:16 [notice] 1#1: worker process 25 exited with code 0
2023/11/09 15:42:16 [notice] 1#1: worker process 26 exited with code 0
2023/11/09 15:42:16 [notice] 1#1: worker process 23 exited with code 0
2023/11/09 15:42:16 [notice] 1#1: signal 29 (SIGIO) received
2023/11/09 15:42:16 [notice] 1#1: signal 17 (SIGCHLD) received from 23
2023/11/09 15:42:16 [notice] 1#1: signal 17 (SIGCHLD) received from 24
2023/11/09 15:42:16 [notice] 1#1: worker process 24 exited with code 0
2023/11/09 15:42:16 [notice] 1#1: signal 29 (SIGIO) received
2023/11/09 15:42:16 [notice] 1#1: signal 17 (SIGCHLD) received from 22
2023/11/09 15:42:16 [notice] 1#1: worker process 22 exited with code 0
2023/11/09 15:42:16 [notice] 1#1: signal 29 (SIGIO) received
2023/11/09 15:42:16 [notice] 1#1: signal 17 (SIGCHLD) received from 27
2023/11/09 15:42:16 [notice] 1#1: worker process 27 exited with code 0
2023/11/09 15:42:16 [notice] 1#1: exit
2023/11/09 15:42:28 [emerg] 1#1: host not found in upstream "app" in /etc/nginx/conf.d/app.conf:10
2023/11/09 15:42:31 [notice] 1#1: using the "epoll" event method
2023/11/09 15:42:31 [notice] 1#1: nginx/1.25.3
2023/11/09 15:42:31 [notice] 1#1: built by gcc 12.2.1 20220924 (Alpine 12.2.1_git20220924-r10) 
2023/11/09 15:42:31 [notice] 1#1: OS: Linux 6.4.16-linuxkit
2023/11/09 15:42:31 [notice] 1#1: getrlimit(RLIMIT_NOFILE): 1048576:1048576
2023/11/09 15:42:31 [notice] 1#1: start worker processes
2023/11/09 15:42:31 [notice] 1#1: start worker process 20
2023/11/09 15:42:31 [notice] 1#1: start worker process 21
2023/11/09 15:42:31 [notice] 1#1: start worker process 22
2023/11/09 15:42:31 [notice] 1#1: start worker process 23
2023/11/09 15:42:31 [notice] 1#1: start worker process 24
2023/11/09 15:42:31 [notice] 1#1: start worker process 25
2023/11/09 15:42:31 [notice] 1#1: start worker process 26
2023/11/09 15:42:31 [notice] 1#1: start worker process 27
2023/11/09 15:43:07 [notice] 1#1: signal 3 (SIGQUIT) received, shutting down
2023/11/09 15:43:07 [notice] 25#25: gracefully shutting down
2023/11/09 15:43:07 [notice] 25#25: exiting
2023/11/09 15:43:07 [notice] 20#20: gracefully shutting down
2023/11/09 15:43:07 [notice] 21#21: gracefully shutting down
2023/11/09 15:43:07 [notice] 27#27: gracefully shutting down
2023/11/09 15:43:07 [notice] 27#27: exiting
2023/11/09 15:43:07 [notice] 22#22: gracefully shutting down
2023/11/09 15:43:07 [notice] 23#23: gracefully shutting down
2023/11/09 15:43:07 [notice] 22#22: exiting
2023/11/09 15:43:07 [notice] 23#23: exiting
2023/11/09 15:43:07 [notice] 24#24: gracefully shutting down
2023/11/09 15:43:07 [notice] 26#26: gracefully shutting down
2023/11/09 15:43:07 [notice] 25#25: exit
2023/11/09 15:43:07 [notice] 21#21: exiting
2023/11/09 15:43:07 [notice] 20#20: exiting
2023/11/09 15:43:07 [notice] 27#27: exit
2023/11/09 15:43:07 [notice] 20#20: exit
2023/11/09 15:43:07 [notice] 22#22: exit
2023/11/09 15:43:07 [notice] 24#24: exiting
2023/11/09 15:43:07 [notice] 24#24: exit
2023/11/09 15:43:07 [notice] 23#23: exit
2023/11/09 15:43:07 [notice] 21#21: exit
2023/11/09 15:43:07 [notice] 26#26: exiting
2023/11/09 15:43:07 [notice] 26#26: exit
2023/11/09 15:43:07 [notice] 1#1: signal 17 (SIGCHLD) received from 25
2023/11/09 15:43:07 [notice] 1#1: worker process 25 exited with code 0
2023/11/09 15:43:07 [notice] 1#1: signal 29 (SIGIO) received
2023/11/09 15:43:07 [notice] 1#1: signal 17 (SIGCHLD) received from 20
2023/11/09 15:43:07 [notice] 1#1: worker process 20 exited with code 0
2023/11/09 15:43:07 [notice] 1#1: worker process 24 exited with code 0
2023/11/09 15:43:07 [notice] 1#1: signal 29 (SIGIO) received
2023/11/09 15:43:07 [notice] 1#1: signal 17 (SIGCHLD) received from 27
2023/11/09 15:43:07 [notice] 1#1: worker process 22 exited with code 0
2023/11/09 15:43:07 [notice] 1#1: worker process 27 exited with code 0
2023/11/09 15:43:07 [notice] 1#1: signal 29 (SIGIO) received
2023/11/09 15:43:07 [notice] 1#1: signal 17 (SIGCHLD) received from 23
2023/11/09 15:43:07 [notice] 1#1: worker process 23 exited with code 0
2023/11/09 15:43:07 [notice] 1#1: signal 29 (SIGIO) received
2023/11/09 15:43:07 [notice] 1#1: signal 17 (SIGCHLD) received from 26
2023/11/09 15:43:07 [notice] 1#1: worker process 26 exited with code 0
2023/11/09 15:43:07 [notice] 1#1: signal 29 (SIGIO) received
2023/11/09 15:43:07 [notice] 1#1: signal 17 (SIGCHLD) received from 21
2023/11/09 15:43:07 [notice] 1#1: worker process 21 exited with code 0
2023/11/09 15:43:07 [notice] 1#1: exit
2023/11/09 15:43:20 [emerg] 1#1: host not found in upstream "app" in /etc/nginx/conf.d/app.conf:10
2023/11/09 15:43:23 [notice] 1#1: using the "epoll" event method
2023/11/09 15:43:23 [notice] 1#1: nginx/1.25.3
2023/11/09 15:43:23 [notice] 1#1: built by gcc 12.2.1 20220924 (Alpine 12.2.1_git20220924-r10) 
2023/11/09 15:43:23 [notice] 1#1: OS: Linux 6.4.16-linuxkit
2023/11/09 15:43:23 [notice] 1#1: getrlimit(RLIMIT_NOFILE): 1048576:1048576
2023/11/09 15:43:23 [notice] 1#1: start worker processes
2023/11/09 15:43:23 [notice] 1#1: start worker process 20
2023/11/09 15:43:23 [notice] 1#1: start worker process 21
2023/11/09 15:43:23 [notice] 1#1: start worker process 22
2023/11/09 15:43:23 [notice] 1#1: start worker process 23
2023/11/09 15:43:23 [notice] 1#1: start worker process 24
2023/11/09 15:43:23 [notice] 1#1: start worker process 25
2023/11/09 15:43:23 [notice] 1#1: start worker process 26
2023/11/09 15:43:23 [notice] 1#1: start worker process 27
2023/11/09 15:48:12 [notice] 1#1: signal 3 (SIGQUIT) received, shutting down
2023/11/09 15:48:12 [notice] 20#20: gracefully shutting down
2023/11/09 15:48:12 [notice] 20#20: exiting
2023/11/09 15:48:12 [notice] 21#21: gracefully shutting down
2023/11/09 15:48:12 [notice] 24#24: gracefully shutting down
2023/11/09 15:48:12 [notice] 24#24: exiting
2023/11/09 15:48:12 [notice] 25#25: gracefully shutting down
2023/11/09 15:48:12 [notice] 23#23: gracefully shutting down
2023/11/09 15:48:12 [notice] 27#27: gracefully shutting down
2023/11/09 15:48:12 [notice] 26#26: gracefully shutting down
2023/11/09 15:48:12 [notice] 24#24: exit
2023/11/09 15:48:12 [notice] 26#26: exiting
2023/11/09 15:48:12 [notice] 22#22: gracefully shutting down
2023/11/09 15:48:12 [notice] 20#20: exit
2023/11/09 15:48:12 [notice] 26#26: exit
2023/11/09 15:48:12 [notice] 21#21: exiting
2023/11/09 15:48:12 [notice] 25#25: exiting
2023/11/09 15:48:12 [notice] 25#25: exit
2023/11/09 15:48:12 [notice] 23#23: exiting
2023/11/09 15:48:12 [notice] 27#27: exiting
2023/11/09 15:48:12 [notice] 22#22: exiting
2023/11/09 15:48:12 [notice] 23#23: exit
2023/11/09 15:48:12 [notice] 21#21: exit
2023/11/09 15:48:12 [notice] 27#27: exit
2023/11/09 15:48:12 [notice] 22#22: exit
2023/11/09 15:48:12 [notice] 1#1: signal 17 (SIGCHLD) received from 20
2023/11/09 15:48:12 [notice] 1#1: worker process 20 exited with code 0
2023/11/09 15:48:12 [notice] 1#1: worker process 25 exited with code 0
2023/11/09 15:48:12 [notice] 1#1: worker process 26 exited with code 0
2023/11/09 15:48:12 [notice] 1#1: signal 29 (SIGIO) received
2023/11/09 15:48:12 [notice] 1#1: signal 17 (SIGCHLD) received from 23
2023/11/09 15:48:12 [notice] 1#1: worker process 23 exited with code 0
2023/11/09 15:48:12 [notice] 1#1: signal 29 (SIGIO) received
2023/11/09 15:48:12 [notice] 1#1: signal 17 (SIGCHLD) received from 24
2023/11/09 15:48:12 [notice] 1#1: worker process 24 exited with code 0
2023/11/09 15:48:12 [notice] 1#1: signal 29 (SIGIO) received
2023/11/09 15:48:12 [notice] 1#1: signal 17 (SIGCHLD) received from 27
2023/11/09 15:48:12 [notice] 1#1: worker process 27 exited with code 0
2023/11/09 15:48:12 [notice] 1#1: signal 29 (SIGIO) received
2023/11/09 15:48:12 [notice] 1#1: signal 17 (SIGCHLD) received from 21
2023/11/09 15:48:12 [notice] 1#1: worker process 21 exited with code 0
2023/11/09 15:48:12 [notice] 1#1: signal 29 (SIGIO) received
2023/11/09 15:48:12 [notice] 1#1: signal 17 (SIGCHLD) received from 22
2023/11/09 15:48:12 [notice] 1#1: worker process 22 exited with code 0
2023/11/09 15:48:12 [notice] 1#1: exit
2023/11/09 15:49:10 [emerg] 1#1: host not found in upstream "app" in /etc/nginx/conf.d/app.conf:10
2023/11/09 15:49:14 [emerg] 1#1: host not found in upstream "app" in /etc/nginx/conf.d/app.conf:10
2023/11/09 15:49:19 [emerg] 1#1: host not found in upstream "app" in /etc/nginx/conf.d/app.conf:10
2023/11/09 15:49:21 [emerg] 1#1: host not found in upstream "app" in /etc/nginx/conf.d/app.conf:10
2023/11/09 15:49:25 [emerg] 1#1: host not found in upstream "app" in /etc/nginx/conf.d/app.conf:10
2023/11/09 15:49:28 [emerg] 1#1: host not found in upstream "app" in /etc/nginx/conf.d/app.conf:10
2023/11/09 15:49:33 [emerg] 1#1: host not found in upstream "app" in /etc/nginx/conf.d/app.conf:10
2023/11/09 15:49:41 [emerg] 1#1: host not found in upstream "app" in /etc/nginx/conf.d/app.conf:10
2023/11/09 15:49:55 [emerg] 1#1: host not found in upstream "app" in /etc/nginx/conf.d/app.conf:10
2023/11/09 15:50:33 [emerg] 1#1: host not found in upstream "app" in /etc/nginx/conf.d/app.conf:10
2023/11/09 15:50:37 [emerg] 1#1: host not found in upstream "app" in /etc/nginx/conf.d/app.conf:10
2023/11/09 15:50:40 [emerg] 1#1: host not found in upstream "app" in /etc/nginx/conf.d/app.conf:10
2023/11/09 15:50:42 [emerg] 1#1: host not found in upstream "app" in /etc/nginx/conf.d/app.conf:10
2023/11/09 15:50:44 [emerg] 1#1: host not found in upstream "app" in /etc/nginx/conf.d/app.conf:10
2023/11/09 15:50:47 [emerg] 1#1: host not found in upstream "app" in /etc/nginx/conf.d/app.conf:10
2024/02/16 23:27:55 [emerg] 1#1: host not found in upstream "app" in /etc/nginx/conf.d/app.conf:10
2024/02/16 23:28:02 [notice] 1#1: using the "epoll" event method
2024/02/16 23:28:02 [notice] 1#1: nginx/1.25.4
2024/02/16 23:28:02 [notice] 1#1: built by gcc 12.2.1 20220924 (Alpine 12.2.1_git20220924-r10) 
2024/02/16 23:28:02 [notice] 1#1: OS: Linux 6.4.16-linuxkit
2024/02/16 23:28:02 [notice] 1#1: getrlimit(RLIMIT_NOFILE): 1048576:1048576
2024/02/16 23:28:02 [notice] 1#1: start worker processes
2024/02/16 23:28:02 [notice] 1#1: start worker process 20
2024/02/16 23:28:02 [notice] 1#1: start worker process 21
2024/02/16 23:28:02 [notice] 1#1: start worker process 22
2024/02/16 23:28:02 [notice] 1#1: start worker process 23
2024/02/16 23:28:02 [notice] 1#1: start worker process 24
2024/02/16 23:28:02 [notice] 1#1: start worker process 25
2024/02/16 23:28:02 [notice] 1#1: start worker process 26
2024/02/16 23:28:02 [notice] 1#1: start worker process 27
2024/02/16 23:30:42 [notice] 1#1: signal 3 (SIGQUIT) received, shutting down
2024/02/16 23:30:42 [notice] 20#20: gracefully shutting down
2024/02/16 23:30:42 [notice] 23#23: gracefully shutting down
2024/02/16 23:30:42 [notice] 27#27: gracefully shutting down
2024/02/16 23:30:42 [notice] 27#27: exiting
2024/02/16 23:30:42 [notice] 26#26: gracefully shutting down
2024/02/16 23:30:42 [notice] 24#24: gracefully shutting down
2024/02/16 23:30:42 [notice] 24#24: exiting
2024/02/16 23:30:42 [notice] 25#25: gracefully shutting down
2024/02/16 23:30:42 [notice] 21#21: gracefully shutting down
2024/02/16 23:30:42 [notice] 24#24: exit
2024/02/16 23:30:42 [notice] 20#20: exiting
2024/02/16 23:30:42 [notice] 22#22: gracefully shutting down
2024/02/16 23:30:42 [notice] 23#23: exiting
2024/02/16 23:30:42 [notice] 26#26: exiting
2024/02/16 23:30:42 [notice] 27#27: exit
2024/02/16 23:30:42 [notice] 25#25: exiting
2024/02/16 23:30:42 [notice] 21#21: exiting
2024/02/16 23:30:42 [notice] 20#20: exit
2024/02/16 23:30:42 [notice] 22#22: exiting
2024/02/16 23:30:42 [notice] 23#23: exit
2024/02/16 23:30:42 [notice] 26#26: exit
2024/02/16 23:30:42 [notice] 21#21: exit
2024/02/16 23:30:42 [notice] 25#25: exit
2024/02/16 23:30:42 [notice] 22#22: exit
2024/02/16 23:30:42 [notice] 1#1: signal 17 (SIGCHLD) received from 24
2024/02/16 23:30:42 [notice] 1#1: worker process 24 exited with code 0
2024/02/16 23:30:42 [notice] 1#1: signal 29 (SIGIO) received
2024/02/16 23:30:42 [notice] 1#1: signal 17 (SIGCHLD) received from 27
2024/02/16 23:30:42 [notice] 1#1: worker process 27 exited with code 0
2024/02/16 23:30:42 [notice] 1#1: signal 29 (SIGIO) received
2024/02/16 23:30:42 [notice] 1#1: signal 17 (SIGCHLD) received from 20
2024/02/16 23:30:42 [notice] 1#1: worker process 20 exited with code 0
2024/02/16 23:30:42 [notice] 1#1: worker process 26 exited with code 0
2024/02/16 23:30:42 [notice] 1#1: signal 29 (SIGIO) received
2024/02/16 23:30:42 [notice] 1#1: signal 17 (SIGCHLD) received from 23
2024/02/16 23:30:42 [notice] 1#1: worker process 23 exited with code 0
2024/02/16 23:30:42 [notice] 1#1: signal 29 (SIGIO) received
2024/02/16 23:30:42 [notice] 1#1: signal 17 (SIGCHLD) received from 25
2024/02/16 23:30:42 [notice] 1#1: worker process 25 exited with code 0
2024/02/16 23:30:42 [notice] 1#1: signal 29 (SIGIO) received
2024/02/16 23:30:42 [notice] 1#1: signal 17 (SIGCHLD) received from 21
2024/02/16 23:30:42 [notice] 1#1: worker process 21 exited with code 0
2024/02/16 23:30:42 [notice] 1#1: signal 29 (SIGIO) received
2024/02/16 23:30:42 [notice] 1#1: signal 17 (SIGCHLD) received from 22
2024/02/16 23:30:42 [notice] 1#1: worker process 22 exited with code 0
2024/02/16 23:30:42 [notice] 1#1: exit
2024/02/16 23:31:04 [emerg] 1#1: host not found in upstream "app" in /etc/nginx/conf.d/app.conf:10
2024/02/16 23:31:08 [notice] 1#1: using the "epoll" event method
2024/02/16 23:31:08 [notice] 1#1: nginx/1.25.4
2024/02/16 23:31:08 [notice] 1#1: built by gcc 12.2.1 20220924 (Alpine 12.2.1_git20220924-r10) 
2024/02/16 23:31:08 [notice] 1#1: OS: Linux 6.4.16-linuxkit
2024/02/16 23:31:08 [notice] 1#1: getrlimit(RLIMIT_NOFILE): 1048576:1048576
2024/02/16 23:31:08 [notice] 1#1: start worker processes
2024/02/16 23:31:08 [notice] 1#1: start worker process 20
2024/02/16 23:31:08 [notice] 1#1: start worker process 21
2024/02/16 23:31:08 [notice] 1#1: start worker process 22
2024/02/16 23:31:08 [notice] 1#1: start worker process 23
2024/02/16 23:31:08 [notice] 1#1: start worker process 24
2024/02/16 23:31:08 [notice] 1#1: start worker process 25
2024/02/16 23:31:08 [notice] 1#1: start worker process 26
2024/02/16 23:31:08 [notice] 1#1: start worker process 27
2024/02/17 14:14:17 [notice] 1#1: using the "epoll" event method
2024/02/17 14:14:17 [notice] 1#1: nginx/1.25.4
2024/02/17 14:14:17 [notice] 1#1: built by gcc 12.2.1 20220924 (Alpine 12.2.1_git20220924-r10) 
2024/02/17 14:14:17 [notice] 1#1: OS: Linux 6.4.16-linuxkit
2024/02/17 14:14:17 [notice] 1#1: getrlimit(RLIMIT_NOFILE): 1048576:1048576
2024/02/17 14:14:17 [notice] 1#1: start worker processes
2024/02/17 14:14:17 [notice] 1#1: start worker process 20
2024/02/17 14:14:17 [notice] 1#1: start worker process 21
2024/02/17 14:14:17 [notice] 1#1: start worker process 22
2024/02/17 14:14:17 [notice] 1#1: start worker process 23
2024/02/17 14:14:17 [notice] 1#1: start worker process 24
2024/02/17 14:14:17 [notice] 1#1: start worker process 25
2024/02/17 14:14:17 [notice] 1#1: start worker process 26
2024/02/17 14:14:17 [notice] 1#1: start worker process 27
